2023-03-05 02:34:42,365 [Worker-4: Loading available Gradle versions] INFO  o.e.b.c.i.u.g.PublishedGradleVersions - Gradle version information cache is up-to-date. Trying to read.
2023-03-12 22:28:47,256 [Worker-1: Loading available Gradle versions] INFO  o.e.b.c.i.u.g.PublishedGradleVersions - Gradle version information cache is up-to-date. Trying to read.
2023-03-12 22:29:20,160 [Worker-4: Importing Maven projects] INFO  o.e.m.c.i.l.LifecycleMappingFactory - Using org.eclipse.m2e.jdt.JarLifecycleMapping lifecycle mapping for MavenProject: com.hariyali:hariyali-project:0.0.1-SNAPSHOT @ D:\Hariyali23_2_23\hariyali-project\hariyali-project\pom.xml.
2023-03-12 22:29:34,492 [Worker-4: Importing Maven projects] INFO  o.e.m.j.i.AbstractJavaProjectConfigurator - Adding source folder /hariyali-project/src/main/java
2023-03-12 22:29:34,493 [Worker-4: Importing Maven projects] INFO  o.e.m.j.i.AbstractJavaProjectConfigurator - Adding resource folder /hariyali-project/src/main/resources
2023-03-12 22:29:34,493 [Worker-4: Importing Maven projects] INFO  o.e.m.j.i.AbstractJavaProjectConfigurator - Adding resource folder /hariyali-project/src/main/resources
2023-03-12 22:29:34,494 [Worker-4: Importing Maven projects] INFO  o.e.m.j.i.AbstractJavaProjectConfigurator - Adding source folder /hariyali-project/src/test/java
2023-03-12 22:29:35,361 [Worker-4: Importing Maven projects] INFO  o.e.m.c.i.p.ProjectConfigurationManager - Imported and configured 1 project(s) in 25 sec
2023-03-12 22:29:40,276 [Worker-2: Building] INFO  o.a.m.s.f.DefaultMavenResourcesFiltering - Copying 1 resource
2023-03-12 22:29:40,324 [Worker-2: Building] INFO  o.a.m.s.f.DefaultMavenResourcesFiltering - Copying 5 resources
2023-03-12 22:29:40,807 [Worker-2: Building] INFO  o.a.m.s.f.DefaultMavenResourcesFiltering - skip non existing resourceDirectory D:\Hariyali23_2_23\hariyali-project\hariyali-project\src\test\resources
2023-03-13 23:17:27,943 [Worker-7: Launching hariyali-project - HariyaliProjectApplication] INFO  o.a.m.s.f.DefaultMavenResourcesFiltering - Copying 1 resource
2023-03-13 23:17:28,429 [Worker-7: Launching hariyali-project - HariyaliProjectApplication] INFO  o.a.m.s.f.DefaultMavenResourcesFiltering - Copying 5 resources
2023-03-13 23:17:28,436 [Worker-7: Launching hariyali-project - HariyaliProjectApplication] INFO  o.a.m.s.f.DefaultMavenResourcesFiltering - skip non existing resourceDirectory D:\Hariyali23_2_23\hariyali-project\hariyali-project\src\test\resources
2023-03-14 10:27:23,623 [Worker-97: Building] INFO  o.a.m.s.f.DefaultMavenResourcesFiltering - Copying 1 resource
2023-03-14 10:27:23,956 [Worker-97: Building] INFO  o.a.m.s.f.DefaultMavenResourcesFiltering - Copying 5 resources
2023-03-14 10:27:23,971 [Worker-97: Building] INFO  o.a.m.s.f.DefaultMavenResourcesFiltering - skip non existing resourceDirectory D:\Hariyali23_2_23\hariyali-project\hariyali-project\src\test\resources
2023-03-14 10:28:49,204 [Worker-97: Building] INFO  o.a.m.s.f.DefaultMavenResourcesFiltering - Copying 1 resource
2023-03-14 10:28:49,327 [Worker-97: Building] INFO  o.a.m.s.f.DefaultMavenResourcesFiltering - Copying 5 resources
2023-03-14 10:28:49,331 [Worker-97: Building] INFO  o.a.m.s.f.DefaultMavenResourcesFiltering - skip non existing resourceDirectory D:\Hariyali23_2_23\hariyali-project\hariyali-project\src\test\resources
2023-03-14 22:02:01,161 [Worker-116: Building] INFO  o.a.m.s.f.DefaultMavenResourcesFiltering - Copying 1 resource
2023-03-14 22:02:01,339 [Worker-116: Building] INFO  o.a.m.s.f.DefaultMavenResourcesFiltering - Copying 5 resources
2023-03-14 22:02:01,344 [Worker-116: Building] INFO  o.a.m.s.f.DefaultMavenResourcesFiltering - skip non existing resourceDirectory D:\Hariyali23_2_23\hariyali-project\hariyali-project\src\test\resources
2023-03-14 22:05:41,228 [Worker-117: Building] INFO  o.a.m.s.f.DefaultMavenResourcesFiltering - Copying 1 resource
2023-03-14 22:05:41,244 [Worker-117: Building] INFO  o.a.m.s.f.DefaultMavenResourcesFiltering - Copying 5 resources
2023-03-14 22:05:41,249 [Worker-117: Building] INFO  o.a.m.s.f.DefaultMavenResourcesFiltering - skip non existing resourceDirectory D:\Hariyali23_2_23\hariyali-project\hariyali-project\src\test\resources
2023-03-14 22:36:05,356 [Worker-129: Building] INFO  o.a.m.s.f.DefaultMavenResourcesFiltering - Copying 1 resource
2023-03-14 22:36:05,387 [Worker-129: Building] INFO  o.a.m.s.f.DefaultMavenResourcesFiltering - Copying 5 resources
2023-03-14 22:36:05,412 [Worker-129: Building] INFO  o.a.m.s.f.DefaultMavenResourcesFiltering - skip non existing resourceDirectory D:\Hariyali23_2_23\hariyali-project\hariyali-project\src\test\resources
2023-03-14 22:42:17,995 [Worker-131: Building] INFO  o.a.m.s.f.DefaultMavenResourcesFiltering - Copying 1 resource
2023-03-14 22:42:18,008 [Worker-131: Building] INFO  o.a.m.s.f.DefaultMavenResourcesFiltering - Copying 5 resources
2023-03-14 22:42:18,013 [Worker-131: Building] INFO  o.a.m.s.f.DefaultMavenResourcesFiltering - skip non existing resourceDirectory D:\Hariyali23_2_23\hariyali-project\hariyali-project\src\test\resources
2023-03-14 22:42:57,045 [Worker-133: Building] INFO  o.a.m.s.f.DefaultMavenResourcesFiltering - Copying 1 resource
2023-03-14 22:42:57,260 [Worker-133: Building] INFO  o.a.m.s.f.DefaultMavenResourcesFiltering - Copying 5 resources
2023-03-14 22:42:57,264 [Worker-133: Building] INFO  o.a.m.s.f.DefaultMavenResourcesFiltering - skip non existing resourceDirectory D:\Hariyali23_2_23\hariyali-project\hariyali-project\src\test\resources
2023-03-14 22:43:47,052 [Worker-131: Launching hariyali-project - HariyaliProjectApplication] INFO  o.a.m.s.f.DefaultMavenResourcesFiltering - Copying 1 resource
2023-03-14 22:43:47,079 [Worker-131: Launching hariyali-project - HariyaliProjectApplication] INFO  o.a.m.s.f.DefaultMavenResourcesFiltering - Copying 5 resources
2023-03-14 22:43:47,082 [Worker-131: Launching hariyali-project - HariyaliProjectApplication] INFO  o.a.m.s.f.DefaultMavenResourcesFiltering - skip non existing resourceDirectory D:\Hariyali23_2_23\hariyali-project\hariyali-project\src\test\resources
2023-03-14 22:46:39,556 [Worker-27: Building] INFO  o.a.m.s.f.DefaultMavenResourcesFiltering - Copying 1 resource
2023-03-14 22:46:39,563 [Worker-27: Building] INFO  o.a.m.s.f.DefaultMavenResourcesFiltering - Copying 5 resources
2023-03-14 22:46:39,567 [Worker-27: Building] INFO  o.a.m.s.f.DefaultMavenResourcesFiltering - skip non existing resourceDirectory D:\Hariyali23_2_23\hariyali-project\hariyali-project\src\test\resources
2023-03-14 22:47:10,639 [Worker-27: Building] INFO  o.a.m.s.f.DefaultMavenResourcesFiltering - Copying 1 resource
2023-03-14 22:47:10,648 [Worker-27: Building] INFO  o.a.m.s.f.DefaultMavenResourcesFiltering - Copying 5 resources
2023-03-14 22:47:10,652 [Worker-27: Building] INFO  o.a.m.s.f.DefaultMavenResourcesFiltering - skip non existing resourceDirectory D:\Hariyali23_2_23\hariyali-project\hariyali-project\src\test\resources
2023-03-14 22:50:57,875 [Worker-130: Building] INFO  o.a.m.s.f.DefaultMavenResourcesFiltering - Copying 1 resource
2023-03-14 22:50:57,882 [Worker-130: Building] INFO  o.a.m.s.f.DefaultMavenResourcesFiltering - Copying 5 resources
2023-03-14 22:50:57,886 [Worker-130: Building] INFO  o.a.m.s.f.DefaultMavenResourcesFiltering - skip non existing resourceDirectory D:\Hariyali23_2_23\hariyali-project\hariyali-project\src\test\resources
2023-03-15 00:05:54,379 [Worker-150: Building] INFO  o.a.m.s.f.DefaultMavenResourcesFiltering - Copying 1 resource
2023-03-15 00:05:54,572 [Worker-150: Building] INFO  o.a.m.s.f.DefaultMavenResourcesFiltering - Copying 5 resources
2023-03-15 00:05:54,583 [Worker-150: Building] INFO  o.a.m.s.f.DefaultMavenResourcesFiltering - skip non existing resourceDirectory D:\Hariyali23_2_23\hariyali-project\hariyali-project\src\test\resources
2023-03-16 08:46:12,206 [Worker-2: Loading available Gradle versions] INFO  o.e.b.c.i.u.g.PublishedGradleVersions - Gradle version information cache is out-of-date. Trying to update.
2023-03-16 23:03:57,319 [Worker-27: Building] INFO  o.a.m.s.f.DefaultMavenResourcesFiltering - Copying 1 resource
2023-03-16 23:03:57,693 [Worker-27: Building] INFO  o.a.m.s.f.DefaultMavenResourcesFiltering - Copying 5 resources
2023-03-16 23:03:57,698 [Worker-27: Building] INFO  o.a.m.s.f.DefaultMavenResourcesFiltering - skip non existing resourceDirectory D:\Hariyali23_2_23\hariyali-project\hariyali-project\src\test\resources
2023-03-16 23:08:39,519 [Worker-31: Building] INFO  o.a.m.s.f.DefaultMavenResourcesFiltering - Copying 1 resource
2023-03-16 23:08:39,535 [Worker-31: Building] INFO  o.a.m.s.f.DefaultMavenResourcesFiltering - Copying 5 resources
2023-03-16 23:08:39,540 [Worker-31: Building] INFO  o.a.m.s.f.DefaultMavenResourcesFiltering - skip non existing resourceDirectory D:\Hariyali23_2_23\hariyali-project\hariyali-project\src\test\resources
2023-03-16 23:13:39,533 [Worker-31: Building] INFO  o.a.m.s.f.DefaultMavenResourcesFiltering - Copying 1 resource
2023-03-16 23:13:39,553 [Worker-31: Building] INFO  o.a.m.s.f.DefaultMavenResourcesFiltering - Copying 5 resources
2023-03-16 23:13:39,557 [Worker-31: Building] INFO  o.a.m.s.f.DefaultMavenResourcesFiltering - skip non existing resourceDirectory D:\Hariyali23_2_23\hariyali-project\hariyali-project\src\test\resources
2023-03-19 09:40:23,758 [Worker-76: Building] INFO  o.a.m.s.f.DefaultMavenResourcesFiltering - Copying 1 resource
2023-03-19 09:40:23,797 [Worker-76: Building] INFO  o.a.m.s.f.DefaultMavenResourcesFiltering - Copying 5 resources
2023-03-19 09:40:23,854 [Worker-76: Building] INFO  o.a.m.s.f.DefaultMavenResourcesFiltering - skip non existing resourceDirectory D:\Hariyali23_2_23\hariyali-project\hariyali-project\src\test\resources
2023-03-19 09:42:14,410 [Worker-85: Building] INFO  o.a.m.s.f.DefaultMavenResourcesFiltering - Copying 1 resource
2023-03-19 09:42:14,618 [Worker-85: Building] INFO  o.a.m.s.f.DefaultMavenResourcesFiltering - Copying 5 resources
2023-03-19 09:42:14,623 [Worker-85: Building] INFO  o.a.m.s.f.DefaultMavenResourcesFiltering - skip non existing resourceDirectory D:\Hariyali23_2_23\hariyali-project\hariyali-project\src\test\resources
2023-03-19 09:44:23,651 [Worker-84: Building] INFO  o.a.m.s.f.DefaultMavenResourcesFiltering - Copying 1 resource
2023-03-19 09:44:23,698 [Worker-84: Building] INFO  o.a.m.s.f.DefaultMavenResourcesFiltering - Copying 5 resources
2023-03-19 09:44:23,710 [Worker-84: Building] INFO  o.a.m.s.f.DefaultMavenResourcesFiltering - skip non existing resourceDirectory D:\Hariyali23_2_23\hariyali-project\hariyali-project\src\test\resources
2023-03-19 10:27:44,872 [Worker-92: Building] INFO  o.a.m.s.f.DefaultMavenResourcesFiltering - Copying 1 resource
2023-03-19 10:27:44,930 [Worker-92: Building] INFO  o.a.m.s.f.DefaultMavenResourcesFiltering - Copying 5 resources
2023-03-19 10:27:44,935 [Worker-92: Building] INFO  o.a.m.s.f.DefaultMavenResourcesFiltering - skip non existing resourceDirectory D:\Hariyali23_2_23\hariyali-project\hariyali-project\src\test\resources
2023-03-19 10:28:29,496 [Worker-92: Building] INFO  o.a.m.s.f.DefaultMavenResourcesFiltering - Copying 1 resource
2023-03-19 10:28:29,568 [Worker-92: Building] INFO  o.a.m.s.f.DefaultMavenResourcesFiltering - Copying 5 resources
2023-03-19 10:28:29,573 [Worker-92: Building] INFO  o.a.m.s.f.DefaultMavenResourcesFiltering - skip non existing resourceDirectory D:\Hariyali23_2_23\hariyali-project\hariyali-project\src\test\resources
2023-03-19 10:29:38,504 [Worker-94: Building] INFO  o.a.m.s.f.DefaultMavenResourcesFiltering - Copying 1 resource
2023-03-19 10:29:38,519 [Worker-94: Building] INFO  o.a.m.s.f.DefaultMavenResourcesFiltering - Copying 5 resources
2023-03-19 10:29:38,541 [Worker-94: Building] INFO  o.a.m.s.f.DefaultMavenResourcesFiltering - skip non existing resourceDirectory D:\Hariyali23_2_23\hariyali-project\hariyali-project\src\test\resources
2023-03-19 10:29:48,165 [Worker-94: Building] INFO  o.a.m.s.f.DefaultMavenResourcesFiltering - Copying 1 resource
2023-03-19 10:29:48,191 [Worker-94: Building] INFO  o.a.m.s.f.DefaultMavenResourcesFiltering - Copying 5 resources
2023-03-19 10:29:48,195 [Worker-94: Building] INFO  o.a.m.s.f.DefaultMavenResourcesFiltering - skip non existing resourceDirectory D:\Hariyali23_2_23\hariyali-project\hariyali-project\src\test\resources
2023-03-19 10:30:32,495 [Worker-93: Building] INFO  o.a.m.s.f.DefaultMavenResourcesFiltering - Copying 1 resource
2023-03-19 10:30:32,500 [Worker-93: Building] INFO  o.a.m.s.f.DefaultMavenResourcesFiltering - Copying 5 resources
2023-03-19 10:30:32,504 [Worker-93: Building] INFO  o.a.m.s.f.DefaultMavenResourcesFiltering - skip non existing resourceDirectory D:\Hariyali23_2_23\hariyali-project\hariyali-project\src\test\resources
2023-03-19 10:54:58,073 [Worker-93: Building] INFO  o.a.m.s.f.DefaultMavenResourcesFiltering - Copying 1 resource
2023-03-19 10:54:58,081 [Worker-93: Building] INFO  o.a.m.s.f.DefaultMavenResourcesFiltering - Copying 5 resources
2023-03-19 10:54:58,084 [Worker-93: Building] INFO  o.a.m.s.f.DefaultMavenResourcesFiltering - skip non existing resourceDirectory D:\Hariyali23_2_23\hariyali-project\hariyali-project\src\test\resources
2023-03-19 10:55:07,587 [Worker-97: Building] INFO  o.a.m.s.f.DefaultMavenResourcesFiltering - Copying 1 resource
2023-03-19 10:55:07,603 [Worker-97: Building] INFO  o.a.m.s.f.DefaultMavenResourcesFiltering - Copying 5 resources
2023-03-19 10:55:07,607 [Worker-97: Building] INFO  o.a.m.s.f.DefaultMavenResourcesFiltering - skip non existing resourceDirectory D:\Hariyali23_2_23\hariyali-project\hariyali-project\src\test\resources
2023-03-19 10:56:39,710 [Worker-93: Building] INFO  o.a.m.s.f.DefaultMavenResourcesFiltering - Copying 1 resource
2023-03-19 10:56:39,715 [Worker-93: Building] INFO  o.a.m.s.f.DefaultMavenResourcesFiltering - Copying 5 resources
2023-03-19 10:56:39,721 [Worker-93: Building] INFO  o.a.m.s.f.DefaultMavenResourcesFiltering - skip non existing resourceDirectory D:\Hariyali23_2_23\hariyali-project\hariyali-project\src\test\resources
2023-03-19 10:58:57,647 [Worker-99: Building] INFO  o.a.m.s.f.DefaultMavenResourcesFiltering - Copying 1 resource
2023-03-19 10:58:57,653 [Worker-99: Building] INFO  o.a.m.s.f.DefaultMavenResourcesFiltering - Copying 5 resources
2023-03-19 10:58:57,656 [Worker-99: Building] INFO  o.a.m.s.f.DefaultMavenResourcesFiltering - skip non existing resourceDirectory D:\Hariyali23_2_23\hariyali-project\hariyali-project\src\test\resources
2023-03-19 11:01:40,177 [Worker-98: Building] INFO  o.a.m.s.f.DefaultMavenResourcesFiltering - Copying 1 resource
2023-03-19 11:01:40,181 [Worker-98: Building] INFO  o.a.m.s.f.DefaultMavenResourcesFiltering - Copying 5 resources
2023-03-19 11:01:40,185 [Worker-98: Building] INFO  o.a.m.s.f.DefaultMavenResourcesFiltering - skip non existing resourceDirectory D:\Hariyali23_2_23\hariyali-project\hariyali-project\src\test\resources
2023-03-19 11:20:39,516 [Worker-101: Building] INFO  o.a.m.s.f.DefaultMavenResourcesFiltering - Copying 1 resource
2023-03-19 11:20:39,540 [Worker-101: Building] INFO  o.a.m.s.f.DefaultMavenResourcesFiltering - Copying 5 resources
2023-03-19 11:20:39,544 [Worker-101: Building] INFO  o.a.m.s.f.DefaultMavenResourcesFiltering - skip non existing resourceDirectory D:\Hariyali23_2_23\hariyali-project\hariyali-project\src\test\resources
2023-03-19 11:20:54,972 [Worker-92: Building] INFO  o.a.m.s.f.DefaultMavenResourcesFiltering - Copying 1 resource
2023-03-19 11:20:54,985 [Worker-92: Building] INFO  o.a.m.s.f.DefaultMavenResourcesFiltering - Copying 5 resources
2023-03-19 11:20:54,989 [Worker-92: Building] INFO  o.a.m.s.f.DefaultMavenResourcesFiltering - skip non existing resourceDirectory D:\Hariyali23_2_23\hariyali-project\hariyali-project\src\test\resources
2023-03-19 11:21:03,479 [Worker-100: Building] INFO  o.a.m.s.f.DefaultMavenResourcesFiltering - Copying 1 resource
2023-03-19 11:21:03,489 [Worker-100: Building] INFO  o.a.m.s.f.DefaultMavenResourcesFiltering - Copying 5 resources
2023-03-19 11:21:03,494 [Worker-100: Building] INFO  o.a.m.s.f.DefaultMavenResourcesFiltering - skip non existing resourceDirectory D:\Hariyali23_2_23\hariyali-project\hariyali-project\src\test\resources
2023-03-19 11:21:22,584 [Worker-101: Building] INFO  o.a.m.s.f.DefaultMavenResourcesFiltering - Copying 1 resource
2023-03-19 11:21:22,589 [Worker-101: Building] INFO  o.a.m.s.f.DefaultMavenResourcesFiltering - Copying 5 resources
2023-03-19 11:21:22,593 [Worker-101: Building] INFO  o.a.m.s.f.DefaultMavenResourcesFiltering - skip non existing resourceDirectory D:\Hariyali23_2_23\hariyali-project\hariyali-project\src\test\resources
2023-03-19 11:23:30,195 [Worker-92: Building] INFO  o.a.m.s.f.DefaultMavenResourcesFiltering - Copying 1 resource
2023-03-19 11:23:30,200 [Worker-92: Building] INFO  o.a.m.s.f.DefaultMavenResourcesFiltering - Copying 5 resources
2023-03-19 11:23:30,203 [Worker-92: Building] INFO  o.a.m.s.f.DefaultMavenResourcesFiltering - skip non existing resourceDirectory D:\Hariyali23_2_23\hariyali-project\hariyali-project\src\test\resources
2023-03-19 11:28:00,024 [Worker-100: Building] INFO  o.a.m.s.f.DefaultMavenResourcesFiltering - Copying 1 resource
2023-03-19 11:28:00,032 [Worker-100: Building] INFO  o.a.m.s.f.DefaultMavenResourcesFiltering - Copying 5 resources
2023-03-19 11:28:00,039 [Worker-100: Building] INFO  o.a.m.s.f.DefaultMavenResourcesFiltering - skip non existing resourceDirectory D:\Hariyali23_2_23\hariyali-project\hariyali-project\src\test\resources
2023-03-19 11:30:22,867 [Worker-105: Building] INFO  o.a.m.s.f.DefaultMavenResourcesFiltering - Copying 1 resource
2023-03-19 11:30:22,874 [Worker-105: Building] INFO  o.a.m.s.f.DefaultMavenResourcesFiltering - Copying 5 resources
2023-03-19 11:30:22,877 [Worker-105: Building] INFO  o.a.m.s.f.DefaultMavenResourcesFiltering - skip non existing resourceDirectory D:\Hariyali23_2_23\hariyali-project\hariyali-project\src\test\resources
2023-03-19 11:31:34,440 [Worker-105: Building] INFO  o.a.m.s.f.DefaultMavenResourcesFiltering - Copying 1 resource
2023-03-19 11:31:34,445 [Worker-105: Building] INFO  o.a.m.s.f.DefaultMavenResourcesFiltering - Copying 5 resources
2023-03-19 11:31:34,449 [Worker-105: Building] INFO  o.a.m.s.f.DefaultMavenResourcesFiltering - skip non existing resourceDirectory D:\Hariyali23_2_23\hariyali-project\hariyali-project\src\test\resources
2023-03-19 23:44:40,562 [Worker-125: Building] INFO  o.a.m.s.f.DefaultMavenResourcesFiltering - Copying 1 resource
2023-03-19 23:44:41,037 [Worker-125: Building] INFO  o.a.m.s.f.DefaultMavenResourcesFiltering - Copying 5 resources
2023-03-19 23:44:41,042 [Worker-125: Building] INFO  o.a.m.s.f.DefaultMavenResourcesFiltering - skip non existing resourceDirectory D:\Hariyali23_2_23\hariyali-project\hariyali-project\src\test\resources
2023-03-19 23:46:02,446 [Worker-127: Building] INFO  o.a.m.s.f.DefaultMavenResourcesFiltering - Copying 1 resource
2023-03-19 23:46:02,529 [Worker-127: Building] INFO  o.a.m.s.f.DefaultMavenResourcesFiltering - Copying 5 resources
2023-03-19 23:46:02,533 [Worker-127: Building] INFO  o.a.m.s.f.DefaultMavenResourcesFiltering - skip non existing resourceDirectory D:\Hariyali23_2_23\hariyali-project\hariyali-project\src\test\resources
2023-03-19 23:52:29,279 [Worker-130: Building] INFO  o.a.m.s.f.DefaultMavenResourcesFiltering - Copying 1 resource
2023-03-19 23:52:29,287 [Worker-130: Building] INFO  o.a.m.s.f.DefaultMavenResourcesFiltering - Copying 5 resources
2023-03-19 23:52:29,291 [Worker-130: Building] INFO  o.a.m.s.f.DefaultMavenResourcesFiltering - skip non existing resourceDirectory D:\Hariyali23_2_23\hariyali-project\hariyali-project\src\test\resources
2023-03-20 00:06:48,135 [Worker-127: Building] INFO  o.a.m.s.f.DefaultMavenResourcesFiltering - Copying 1 resource
2023-03-20 00:06:48,143 [Worker-127: Building] INFO  o.a.m.s.f.DefaultMavenResourcesFiltering - Copying 5 resources
2023-03-20 00:06:48,147 [Worker-127: Building] INFO  o.a.m.s.f.DefaultMavenResourcesFiltering - skip non existing resourceDirectory D:\Hariyali23_2_23\hariyali-project\hariyali-project\src\test\resources
2023-03-20 00:10:07,042 [Worker-136: Building] INFO  o.a.m.s.f.DefaultMavenResourcesFiltering - Copying 1 resource
2023-03-20 00:10:07,051 [Worker-136: Building] INFO  o.a.m.s.f.DefaultMavenResourcesFiltering - Copying 5 resources
2023-03-20 00:10:07,055 [Worker-136: Building] INFO  o.a.m.s.f.DefaultMavenResourcesFiltering - skip non existing resourceDirectory D:\Hariyali23_2_23\hariyali-project\hariyali-project\src\test\resources
2023-03-20 00:10:39,777 [Worker-134: Building] INFO  o.a.m.s.f.DefaultMavenResourcesFiltering - Copying 1 resource
2023-03-20 00:10:39,782 [Worker-134: Building] INFO  o.a.m.s.f.DefaultMavenResourcesFiltering - Copying 5 resources
2023-03-20 00:10:39,786 [Worker-134: Building] INFO  o.a.m.s.f.DefaultMavenResourcesFiltering - skip non existing resourceDirectory D:\Hariyali23_2_23\hariyali-project\hariyali-project\src\test\resources
2023-03-20 00:37:17,190 [Worker-147: Building] INFO  o.a.m.s.f.DefaultMavenResourcesFiltering - Copying 1 resource
2023-03-20 00:37:17,198 [Worker-147: Building] INFO  o.a.m.s.f.DefaultMavenResourcesFiltering - Copying 5 resources
2023-03-20 00:37:17,201 [Worker-147: Building] INFO  o.a.m.s.f.DefaultMavenResourcesFiltering - skip non existing resourceDirectory D:\Hariyali23_2_23\hariyali-project\hariyali-project\src\test\resources
2023-03-20 00:42:34,470 [Worker-147: Building] INFO  o.a.m.s.f.DefaultMavenResourcesFiltering - Copying 1 resource
2023-03-20 00:42:34,476 [Worker-147: Building] INFO  o.a.m.s.f.DefaultMavenResourcesFiltering - Copying 5 resources
2023-03-20 00:42:34,481 [Worker-147: Building] INFO  o.a.m.s.f.DefaultMavenResourcesFiltering - skip non existing resourceDirectory D:\Hariyali23_2_23\hariyali-project\hariyali-project\src\test\resources
2023-03-20 00:47:36,441 [Worker-153: Building] INFO  o.a.m.s.f.DefaultMavenResourcesFiltering - Copying 1 resource
2023-03-20 00:47:36,449 [Worker-153: Building] INFO  o.a.m.s.f.DefaultMavenResourcesFiltering - Copying 5 resources
2023-03-20 00:47:36,452 [Worker-153: Building] INFO  o.a.m.s.f.DefaultMavenResourcesFiltering - skip non existing resourceDirectory D:\Hariyali23_2_23\hariyali-project\hariyali-project\src\test\resources
2023-03-20 00:48:11,697 [Worker-152: Building] INFO  o.a.m.s.f.DefaultMavenResourcesFiltering - Copying 1 resource
2023-03-20 00:48:11,705 [Worker-152: Building] INFO  o.a.m.s.f.DefaultMavenResourcesFiltering - Copying 5 resources
2023-03-20 00:48:11,710 [Worker-152: Building] INFO  o.a.m.s.f.DefaultMavenResourcesFiltering - skip non existing resourceDirectory D:\Hariyali23_2_23\hariyali-project\hariyali-project\src\test\resources
2023-03-20 00:49:09,863 [Worker-153: Building] INFO  o.a.m.s.f.DefaultMavenResourcesFiltering - Copying 1 resource
2023-03-20 00:49:09,869 [Worker-153: Building] INFO  o.a.m.s.f.DefaultMavenResourcesFiltering - Copying 5 resources
2023-03-20 00:49:09,872 [Worker-153: Building] INFO  o.a.m.s.f.DefaultMavenResourcesFiltering - skip non existing resourceDirectory D:\Hariyali23_2_23\hariyali-project\hariyali-project\src\test\resources
2023-03-20 01:43:05,978 [Worker-156: Building] INFO  o.a.m.s.f.DefaultMavenResourcesFiltering - Copying 1 resource
2023-03-20 01:43:06,173 [Worker-156: Building] INFO  o.a.m.s.f.DefaultMavenResourcesFiltering - Copying 5 resources
2023-03-20 01:43:06,183 [Worker-156: Building] INFO  o.a.m.s.f.DefaultMavenResourcesFiltering - skip non existing resourceDirectory D:\Hariyali23_2_23\hariyali-project\hariyali-project\src\test\resources
2023-03-20 02:34:12,247 [Worker-161: Building] INFO  o.a.m.s.f.DefaultMavenResourcesFiltering - Copying 1 resource
2023-03-20 02:34:12,439 [Worker-161: Building] INFO  o.a.m.s.f.DefaultMavenResourcesFiltering - Copying 5 resources
2023-03-20 02:34:12,447 [Worker-161: Building] INFO  o.a.m.s.f.DefaultMavenResourcesFiltering - skip non existing resourceDirectory D:\Hariyali23_2_23\hariyali-project\hariyali-project\src\test\resources
2023-03-20 02:34:53,556 [Worker-152: Building] INFO  o.a.m.s.f.DefaultMavenResourcesFiltering - Copying 1 resource
2023-03-20 02:34:53,606 [Worker-152: Building] INFO  o.a.m.s.f.DefaultMavenResourcesFiltering - Copying 5 resources
2023-03-20 02:34:53,611 [Worker-152: Building] INFO  o.a.m.s.f.DefaultMavenResourcesFiltering - skip non existing resourceDirectory D:\Hariyali23_2_23\hariyali-project\hariyali-project\src\test\resources
2023-03-20 05:05:03,740 [Worker-179: Building] INFO  o.a.m.s.f.DefaultMavenResourcesFiltering - Copying 1 resource
2023-03-20 05:05:04,110 [Worker-179: Building] INFO  o.a.m.s.f.DefaultMavenResourcesFiltering - Copying 5 resources
2023-03-20 05:05:04,112 [Worker-179: Building] INFO  o.a.m.s.f.DefaultMavenResourcesFiltering - skip non existing resourceDirectory D:\Hariyali23_2_23\hariyali-project\hariyali-project\src\test\resources
2023-03-20 05:07:27,410 [Worker-181: Building] INFO  o.a.m.s.f.DefaultMavenResourcesFiltering - Copying 1 resource
2023-03-20 05:07:27,507 [Worker-181: Building] INFO  o.a.m.s.f.DefaultMavenResourcesFiltering - Copying 5 resources
2023-03-20 05:07:27,510 [Worker-181: Building] INFO  o.a.m.s.f.DefaultMavenResourcesFiltering - skip non existing resourceDirectory D:\Hariyali23_2_23\hariyali-project\hariyali-project\src\test\resources
2023-03-20 05:13:54,463 [Worker-182: Building] INFO  o.a.m.s.f.DefaultMavenResourcesFiltering - Copying 1 resource
2023-03-20 05:13:54,478 [Worker-182: Building] INFO  o.a.m.s.f.DefaultMavenResourcesFiltering - Copying 5 resources
2023-03-20 05:13:54,481 [Worker-182: Building] INFO  o.a.m.s.f.DefaultMavenResourcesFiltering - skip non existing resourceDirectory D:\Hariyali23_2_23\hariyali-project\hariyali-project\src\test\resources
2023-03-20 05:15:18,420 [Worker-176: Building] INFO  o.a.m.s.f.DefaultMavenResourcesFiltering - Copying 1 resource
2023-03-20 05:15:18,428 [Worker-176: Building] INFO  o.a.m.s.f.DefaultMavenResourcesFiltering - Copying 5 resources
2023-03-20 05:15:18,432 [Worker-176: Building] INFO  o.a.m.s.f.DefaultMavenResourcesFiltering - skip non existing resourceDirectory D:\Hariyali23_2_23\hariyali-project\hariyali-project\src\test\resources
2023-03-20 05:41:18,147 [Worker-187: Building] INFO  o.a.m.s.f.DefaultMavenResourcesFiltering - Copying 1 resource
2023-03-20 05:41:18,242 [Worker-187: Building] INFO  o.a.m.s.f.DefaultMavenResourcesFiltering - Copying 5 resources
2023-03-20 05:41:18,245 [Worker-187: Building] INFO  o.a.m.s.f.DefaultMavenResourcesFiltering - skip non existing resourceDirectory D:\Hariyali23_2_23\hariyali-project\hariyali-project\src\test\resources
2023-03-20 05:41:55,181 [Worker-185: Building] INFO  o.a.m.s.f.DefaultMavenResourcesFiltering - Copying 1 resource
2023-03-20 05:41:55,295 [Worker-185: Building] INFO  o.a.m.s.f.DefaultMavenResourcesFiltering - Copying 5 resources
2023-03-20 05:41:55,301 [Worker-185: Building] INFO  o.a.m.s.f.DefaultMavenResourcesFiltering - skip non existing resourceDirectory D:\Hariyali23_2_23\hariyali-project\hariyali-project\src\test\resources
2023-03-20 22:25:17,614 [Worker-185: Building] INFO  o.a.m.s.f.DefaultMavenResourcesFiltering - Copying 1 resource
2023-03-20 22:25:17,679 [Worker-185: Building] INFO  o.a.m.s.f.DefaultMavenResourcesFiltering - Copying 5 resources
2023-03-20 22:25:17,810 [Worker-185: Building] INFO  o.a.m.s.f.DefaultMavenResourcesFiltering - skip non existing resourceDirectory D:\Hariyali23_2_23\hariyali-project\hariyali-project\src\test\resources
2023-03-20 22:25:46,985 [Worker-195: Building] INFO  o.a.m.s.f.DefaultMavenResourcesFiltering - Copying 1 resource
2023-03-20 22:25:46,998 [Worker-195: Building] INFO  o.a.m.s.f.DefaultMavenResourcesFiltering - Copying 5 resources
2023-03-20 22:25:47,002 [Worker-195: Building] INFO  o.a.m.s.f.DefaultMavenResourcesFiltering - skip non existing resourceDirectory D:\Hariyali23_2_23\hariyali-project\hariyali-project\src\test\resources
2023-03-20 23:01:11,882 [Worker-199: Building] INFO  o.a.m.s.f.DefaultMavenResourcesFiltering - Copying 1 resource
2023-03-20 23:01:11,958 [Worker-199: Building] INFO  o.a.m.s.f.DefaultMavenResourcesFiltering - Copying 5 resources
2023-03-20 23:01:11,961 [Worker-199: Building] INFO  o.a.m.s.f.DefaultMavenResourcesFiltering - skip non existing resourceDirectory D:\Hariyali23_2_23\hariyali-project\hariyali-project\src\test\resources
2023-03-20 23:03:07,026 [Worker-205: Building] INFO  o.a.m.s.f.DefaultMavenResourcesFiltering - Copying 1 resource
2023-03-20 23:03:07,030 [Worker-205: Building] INFO  o.a.m.s.f.DefaultMavenResourcesFiltering - Copying 5 resources
2023-03-20 23:03:07,034 [Worker-205: Building] INFO  o.a.m.s.f.DefaultMavenResourcesFiltering - skip non existing resourceDirectory D:\Hariyali23_2_23\hariyali-project\hariyali-project\src\test\resources
2023-03-20 23:06:00,148 [Worker-206: Building] INFO  o.a.m.s.f.DefaultMavenResourcesFiltering - Copying 1 resource
2023-03-20 23:06:00,155 [Worker-206: Building] INFO  o.a.m.s.f.DefaultMavenResourcesFiltering - Copying 5 resources
2023-03-20 23:06:00,157 [Worker-206: Building] INFO  o.a.m.s.f.DefaultMavenResourcesFiltering - skip non existing resourceDirectory D:\Hariyali23_2_23\hariyali-project\hariyali-project\src\test\resources
2023-03-20 23:34:45,745 [Worker-218: Building] INFO  o.a.m.s.f.DefaultMavenResourcesFiltering - Copying 1 resource
2023-03-20 23:34:45,754 [Worker-218: Building] INFO  o.a.m.s.f.DefaultMavenResourcesFiltering - Copying 5 resources
2023-03-20 23:34:45,757 [Worker-218: Building] INFO  o.a.m.s.f.DefaultMavenResourcesFiltering - skip non existing resourceDirectory D:\Hariyali23_2_23\hariyali-project\hariyali-project\src\test\resources
2023-03-20 23:36:05,865 [Worker-217: Building] INFO  o.a.m.s.f.DefaultMavenResourcesFiltering - Copying 1 resource
2023-03-20 23:36:05,878 [Worker-217: Building] INFO  o.a.m.s.f.DefaultMavenResourcesFiltering - Copying 5 resources
2023-03-20 23:36:05,881 [Worker-217: Building] INFO  o.a.m.s.f.DefaultMavenResourcesFiltering - skip non existing resourceDirectory D:\Hariyali23_2_23\hariyali-project\hariyali-project\src\test\resources
2023-03-20 23:41:21,294 [Worker-219: Building] INFO  o.a.m.s.f.DefaultMavenResourcesFiltering - Copying 1 resource
2023-03-20 23:41:21,301 [Worker-219: Building] INFO  o.a.m.s.f.DefaultMavenResourcesFiltering - Copying 5 resources
2023-03-20 23:41:21,304 [Worker-219: Building] INFO  o.a.m.s.f.DefaultMavenResourcesFiltering - skip non existing resourceDirectory D:\Hariyali23_2_23\hariyali-project\hariyali-project\src\test\resources
2023-03-20 23:41:59,785 [Worker-218: Building] INFO  o.a.m.s.f.DefaultMavenResourcesFiltering - Copying 1 resource
2023-03-20 23:41:59,792 [Worker-218: Building] INFO  o.a.m.s.f.DefaultMavenResourcesFiltering - Copying 5 resources
2023-03-20 23:41:59,796 [Worker-218: Building] INFO  o.a.m.s.f.DefaultMavenResourcesFiltering - skip non existing resourceDirectory D:\Hariyali23_2_23\hariyali-project\hariyali-project\src\test\resources
2023-03-20 23:45:57,713 [Worker-218: Building] INFO  o.a.m.s.f.DefaultMavenResourcesFiltering - Copying 1 resource
2023-03-20 23:45:57,718 [Worker-218: Building] INFO  o.a.m.s.f.DefaultMavenResourcesFiltering - Copying 5 resources
2023-03-20 23:45:57,725 [Worker-218: Building] INFO  o.a.m.s.f.DefaultMavenResourcesFiltering - skip non existing resourceDirectory D:\Hariyali23_2_23\hariyali-project\hariyali-project\src\test\resources
2023-03-20 23:50:32,579 [Worker-224: Building] INFO  o.a.m.s.f.DefaultMavenResourcesFiltering - Copying 1 resource
2023-03-20 23:50:32,588 [Worker-224: Building] INFO  o.a.m.s.f.DefaultMavenResourcesFiltering - Copying 5 resources
2023-03-20 23:50:32,591 [Worker-224: Building] INFO  o.a.m.s.f.DefaultMavenResourcesFiltering - skip non existing resourceDirectory D:\Hariyali23_2_23\hariyali-project\hariyali-project\src\test\resources
2023-03-20 23:57:14,152 [Worker-218: Building] INFO  o.a.m.s.f.DefaultMavenResourcesFiltering - Copying 1 resource
2023-03-20 23:57:14,169 [Worker-218: Building] INFO  o.a.m.s.f.DefaultMavenResourcesFiltering - Copying 5 resources
2023-03-20 23:57:14,173 [Worker-218: Building] INFO  o.a.m.s.f.DefaultMavenResourcesFiltering - skip non existing resourceDirectory D:\Hariyali23_2_23\hariyali-project\hariyali-project\src\test\resources
2023-03-20 23:57:30,612 [Worker-225: Building] INFO  o.a.m.s.f.DefaultMavenResourcesFiltering - Copying 1 resource
2023-03-20 23:57:30,617 [Worker-225: Building] INFO  o.a.m.s.f.DefaultMavenResourcesFiltering - Copying 5 resources
2023-03-20 23:57:30,620 [Worker-225: Building] INFO  o.a.m.s.f.DefaultMavenResourcesFiltering - skip non existing resourceDirectory D:\Hariyali23_2_23\hariyali-project\hariyali-project\src\test\resources
2023-03-20 23:57:42,331 [Worker-222: Building] INFO  o.a.m.s.f.DefaultMavenResourcesFiltering - Copying 1 resource
2023-03-20 23:57:42,336 [Worker-222: Building] INFO  o.a.m.s.f.DefaultMavenResourcesFiltering - Copying 5 resources
2023-03-20 23:57:42,339 [Worker-222: Building] INFO  o.a.m.s.f.DefaultMavenResourcesFiltering - skip non existing resourceDirectory D:\Hariyali23_2_23\hariyali-project\hariyali-project\src\test\resources
2023-03-20 23:58:06,268 [Worker-218: Building] INFO  o.a.m.s.f.DefaultMavenResourcesFiltering - Copying 1 resource
2023-03-20 23:58:06,272 [Worker-218: Building] INFO  o.a.m.s.f.DefaultMavenResourcesFiltering - Copying 5 resources
2023-03-20 23:58:06,276 [Worker-218: Building] INFO  o.a.m.s.f.DefaultMavenResourcesFiltering - skip non existing resourceDirectory D:\Hariyali23_2_23\hariyali-project\hariyali-project\src\test\resources
2023-03-21 00:00:44,808 [Worker-227: Building] INFO  o.a.m.s.f.DefaultMavenResourcesFiltering - Copying 1 resource
2023-03-21 00:00:44,815 [Worker-227: Building] INFO  o.a.m.s.f.DefaultMavenResourcesFiltering - Copying 5 resources
2023-03-21 00:00:44,818 [Worker-227: Building] INFO  o.a.m.s.f.DefaultMavenResourcesFiltering - skip non existing resourceDirectory D:\Hariyali23_2_23\hariyali-project\hariyali-project\src\test\resources
2023-03-21 00:01:54,999 [Worker-228: Building] INFO  o.a.m.s.f.DefaultMavenResourcesFiltering - Copying 1 resource
2023-03-21 00:01:55,010 [Worker-228: Building] INFO  o.a.m.s.f.DefaultMavenResourcesFiltering - Copying 5 resources
2023-03-21 00:01:55,014 [Worker-228: Building] INFO  o.a.m.s.f.DefaultMavenResourcesFiltering - skip non existing resourceDirectory D:\Hariyali23_2_23\hariyali-project\hariyali-project\src\test\resources
2023-03-22 08:30:59,861 [Worker-238: Building] INFO  o.a.m.s.f.DefaultMavenResourcesFiltering - Copying 1 resource
2023-03-22 08:31:00,496 [Worker-238: Building] INFO  o.a.m.s.f.DefaultMavenResourcesFiltering - Copying 5 resources
2023-03-22 08:31:00,500 [Worker-238: Building] INFO  o.a.m.s.f.DefaultMavenResourcesFiltering - skip non existing resourceDirectory D:\Hariyali23_2_23\hariyali-project\hariyali-project\src\test\resources
2023-03-22 08:31:00,615 [Worker-227: Building] INFO  o.a.m.s.f.DefaultMavenResourcesFiltering - Copying 1 resource
2023-03-22 08:31:01,028 [Worker-227: Building] INFO  o.a.m.s.f.DefaultMavenResourcesFiltering - Copying 5 resources
2023-03-22 08:31:01,031 [Worker-227: Building] INFO  o.a.m.s.f.DefaultMavenResourcesFiltering - skip non existing resourceDirectory D:\Hariyali23_2_23\hariyali-project\hariyali-project\src\test\resources
2023-03-22 08:33:19,503 [Worker-241: Building] INFO  o.a.m.s.f.DefaultMavenResourcesFiltering - Copying 1 resource
2023-03-22 08:33:19,553 [Worker-241: Building] INFO  o.a.m.s.f.DefaultMavenResourcesFiltering - Copying 5 resources
2023-03-22 08:33:19,559 [Worker-241: Building] INFO  o.a.m.s.f.DefaultMavenResourcesFiltering - skip non existing resourceDirectory D:\Hariyali23_2_23\hariyali-project\hariyali-project\src\test\resources
2023-03-22 08:33:19,671 [Worker-238: Building] INFO  o.a.m.s.f.DefaultMavenResourcesFiltering - Copying 1 resource
2023-03-22 08:33:19,690 [Worker-238: Building] INFO  o.a.m.s.f.DefaultMavenResourcesFiltering - Copying 5 resources
2023-03-22 08:33:19,694 [Worker-238: Building] INFO  o.a.m.s.f.DefaultMavenResourcesFiltering - skip non existing resourceDirectory D:\Hariyali23_2_23\hariyali-project\hariyali-project\src\test\resources
2023-03-22 08:35:47,233 [Worker-244: Building] INFO  o.a.m.s.f.DefaultMavenResourcesFiltering - Copying 1 resource
2023-03-22 08:35:47,239 [Worker-244: Building] INFO  o.a.m.s.f.DefaultMavenResourcesFiltering - Copying 5 resources
2023-03-22 08:35:47,243 [Worker-244: Building] INFO  o.a.m.s.f.DefaultMavenResourcesFiltering - skip non existing resourceDirectory D:\Hariyali23_2_23\hariyali-project\hariyali-project\src\test\resources
2023-03-22 08:38:25,282 [Worker-246: Building] INFO  o.a.m.s.f.DefaultMavenResourcesFiltering - Copying 1 resource
2023-03-22 08:38:25,289 [Worker-246: Building] INFO  o.a.m.s.f.DefaultMavenResourcesFiltering - Copying 5 resources
2023-03-22 08:38:25,293 [Worker-246: Building] INFO  o.a.m.s.f.DefaultMavenResourcesFiltering - skip non existing resourceDirectory D:\Hariyali23_2_23\hariyali-project\hariyali-project\src\test\resources
2023-03-22 08:47:05,913 [Worker-248: Building] INFO  o.a.m.s.f.DefaultMavenResourcesFiltering - Copying 1 resource
2023-03-22 08:47:05,920 [Worker-248: Building] INFO  o.a.m.s.f.DefaultMavenResourcesFiltering - Copying 5 resources
2023-03-22 08:47:05,922 [Worker-248: Building] INFO  o.a.m.s.f.DefaultMavenResourcesFiltering - skip non existing resourceDirectory D:\Hariyali23_2_23\hariyali-project\hariyali-project\src\test\resources
2023-03-22 08:54:22,217 [Worker-250: Building] INFO  o.a.m.s.f.DefaultMavenResourcesFiltering - Copying 1 resource
2023-03-22 08:54:22,222 [Worker-250: Building] INFO  o.a.m.s.f.DefaultMavenResourcesFiltering - Copying 5 resources
2023-03-22 08:54:22,229 [Worker-250: Building] INFO  o.a.m.s.f.DefaultMavenResourcesFiltering - skip non existing resourceDirectory D:\Hariyali23_2_23\hariyali-project\hariyali-project\src\test\resources
2023-03-22 09:10:27,926 [Worker-249: Building] INFO  o.a.m.s.f.DefaultMavenResourcesFiltering - Copying 1 resource
2023-03-22 09:10:27,934 [Worker-249: Building] INFO  o.a.m.s.f.DefaultMavenResourcesFiltering - Copying 5 resources
2023-03-22 09:10:27,938 [Worker-249: Building] INFO  o.a.m.s.f.DefaultMavenResourcesFiltering - skip non existing resourceDirectory D:\Hariyali23_2_23\hariyali-project\hariyali-project\src\test\resources
2023-03-22 09:12:15,986 [Worker-250: Building] INFO  o.a.m.s.f.DefaultMavenResourcesFiltering - Copying 1 resource
2023-03-22 09:12:15,993 [Worker-250: Building] INFO  o.a.m.s.f.DefaultMavenResourcesFiltering - Copying 5 resources
2023-03-22 09:12:15,996 [Worker-250: Building] INFO  o.a.m.s.f.DefaultMavenResourcesFiltering - skip non existing resourceDirectory D:\Hariyali23_2_23\hariyali-project\hariyali-project\src\test\resources
2023-03-22 09:16:08,698 [Worker-255: Building] INFO  o.a.m.s.f.DefaultMavenResourcesFiltering - Copying 1 resource
2023-03-22 09:16:08,705 [Worker-255: Building] INFO  o.a.m.s.f.DefaultMavenResourcesFiltering - Copying 5 resources
2023-03-22 09:16:08,708 [Worker-255: Building] INFO  o.a.m.s.f.DefaultMavenResourcesFiltering - skip non existing resourceDirectory D:\Hariyali23_2_23\hariyali-project\hariyali-project\src\test\resources
2023-03-22 09:49:37,686 [Worker-263: Launching hariyali-project - HariyaliProjectApplication] INFO  o.a.m.s.f.DefaultMavenResourcesFiltering - Copying 1 resource
2023-03-22 09:49:37,694 [Worker-263: Launching hariyali-project - HariyaliProjectApplication] INFO  o.a.m.s.f.DefaultMavenResourcesFiltering - Copying 5 resources
2023-03-22 09:49:37,697 [Worker-263: Launching hariyali-project - HariyaliProjectApplication] INFO  o.a.m.s.f.DefaultMavenResourcesFiltering - skip non existing resourceDirectory D:\Hariyali23_2_23\hariyali-project\hariyali-project\src\test\resources
2023-03-22 09:55:27,491 [Worker-268: Building] INFO  o.a.m.s.f.DefaultMavenResourcesFiltering - Copying 1 resource
2023-03-22 09:55:27,500 [Worker-268: Building] INFO  o.a.m.s.f.DefaultMavenResourcesFiltering - Copying 5 resources
2023-03-22 09:55:27,503 [Worker-268: Building] INFO  o.a.m.s.f.DefaultMavenResourcesFiltering - skip non existing resourceDirectory D:\Hariyali23_2_23\hariyali-project\hariyali-project\src\test\resources
2023-03-22 09:58:13,674 [Worker-271: Building] INFO  o.a.m.s.f.DefaultMavenResourcesFiltering - Copying 1 resource
2023-03-22 09:58:13,681 [Worker-271: Building] INFO  o.a.m.s.f.DefaultMavenResourcesFiltering - Copying 5 resources
2023-03-22 09:58:13,684 [Worker-271: Building] INFO  o.a.m.s.f.DefaultMavenResourcesFiltering - skip non existing resourceDirectory D:\Hariyali23_2_23\hariyali-project\hariyali-project\src\test\resources
2023-03-22 10:06:10,979 [Worker-270: Building] INFO  o.a.m.s.f.DefaultMavenResourcesFiltering - Copying 1 resource
2023-03-22 10:06:10,984 [Worker-270: Building] INFO  o.a.m.s.f.DefaultMavenResourcesFiltering - Copying 5 resources
2023-03-22 10:06:10,987 [Worker-270: Building] INFO  o.a.m.s.f.DefaultMavenResourcesFiltering - skip non existing resourceDirectory D:\Hariyali23_2_23\hariyali-project\hariyali-project\src\test\resources
2023-03-22 10:06:19,960 [Worker-270: Building] INFO  o.a.m.s.f.DefaultMavenResourcesFiltering - Copying 1 resource
2023-03-22 10:06:19,967 [Worker-270: Building] INFO  o.a.m.s.f.DefaultMavenResourcesFiltering - Copying 5 resources
2023-03-22 10:06:19,973 [Worker-270: Building] INFO  o.a.m.s.f.DefaultMavenResourcesFiltering - skip non existing resourceDirectory D:\Hariyali23_2_23\hariyali-project\hariyali-project\src\test\resources
2023-03-22 10:13:48,345 [Worker-280: Building] INFO  o.a.m.s.f.DefaultMavenResourcesFiltering - Copying 1 resource
2023-03-22 10:13:48,353 [Worker-280: Building] INFO  o.a.m.s.f.DefaultMavenResourcesFiltering - Copying 5 resources
2023-03-22 10:13:48,355 [Worker-280: Building] INFO  o.a.m.s.f.DefaultMavenResourcesFiltering - skip non existing resourceDirectory D:\Hariyali23_2_23\hariyali-project\hariyali-project\src\test\resources
2023-03-22 10:14:28,135 [Worker-280: Building] INFO  o.a.m.s.f.DefaultMavenResourcesFiltering - Copying 1 resource
2023-03-22 10:14:28,141 [Worker-280: Building] INFO  o.a.m.s.f.DefaultMavenResourcesFiltering - Copying 5 resources
2023-03-22 10:14:28,143 [Worker-280: Building] INFO  o.a.m.s.f.DefaultMavenResourcesFiltering - skip non existing resourceDirectory D:\Hariyali23_2_23\hariyali-project\hariyali-project\src\test\resources
2023-03-22 10:15:58,258 [Worker-279: Building] INFO  o.a.m.s.f.DefaultMavenResourcesFiltering - Copying 1 resource
2023-03-22 10:15:58,262 [Worker-279: Building] INFO  o.a.m.s.f.DefaultMavenResourcesFiltering - Copying 5 resources
2023-03-22 10:15:58,265 [Worker-279: Building] INFO  o.a.m.s.f.DefaultMavenResourcesFiltering - skip non existing resourceDirectory D:\Hariyali23_2_23\hariyali-project\hariyali-project\src\test\resources
2023-03-22 10:18:22,362 [Worker-285: Building] INFO  o.a.m.s.f.DefaultMavenResourcesFiltering - Copying 1 resource
2023-03-22 10:18:22,366 [Worker-285: Building] INFO  o.a.m.s.f.DefaultMavenResourcesFiltering - Copying 5 resources
2023-03-22 10:18:22,369 [Worker-285: Building] INFO  o.a.m.s.f.DefaultMavenResourcesFiltering - skip non existing resourceDirectory D:\Hariyali23_2_23\hariyali-project\hariyali-project\src\test\resources
2023-03-22 10:26:36,545 [Worker-289: Building] INFO  o.a.m.s.f.DefaultMavenResourcesFiltering - Copying 1 resource
2023-03-22 10:26:36,547 [Worker-289: Building] INFO  o.a.m.s.f.DefaultMavenResourcesFiltering - Copying 5 resources
2023-03-22 10:26:36,580 [Worker-289: Building] INFO  o.a.m.s.f.DefaultMavenResourcesFiltering - skip non existing resourceDirectory D:\Hariyali23_2_23\hariyali-project\hariyali-project\src\test\resources
2023-03-22 10:26:48,530 [Worker-279: Building] INFO  o.a.m.s.f.DefaultMavenResourcesFiltering - Copying 1 resource
2023-03-22 10:26:48,538 [Worker-279: Building] INFO  o.a.m.s.f.DefaultMavenResourcesFiltering - Copying 5 resources
2023-03-22 10:26:48,541 [Worker-279: Building] INFO  o.a.m.s.f.DefaultMavenResourcesFiltering - skip non existing resourceDirectory D:\Hariyali23_2_23\hariyali-project\hariyali-project\src\test\resources
2023-03-22 10:27:32,978 [Worker-289: Building] INFO  o.a.m.s.f.DefaultMavenResourcesFiltering - Copying 1 resource
2023-03-22 10:27:32,984 [Worker-289: Building] INFO  o.a.m.s.f.DefaultMavenResourcesFiltering - Copying 5 resources
2023-03-22 10:27:32,988 [Worker-289: Building] INFO  o.a.m.s.f.DefaultMavenResourcesFiltering - skip non existing resourceDirectory D:\Hariyali23_2_23\hariyali-project\hariyali-project\src\test\resources
2023-03-22 10:36:29,700 [Worker-293: Building] INFO  o.a.m.s.f.DefaultMavenResourcesFiltering - Copying 1 resource
2023-03-22 10:36:29,707 [Worker-293: Building] INFO  o.a.m.s.f.DefaultMavenResourcesFiltering - Copying 5 resources
2023-03-22 10:36:29,710 [Worker-293: Building] INFO  o.a.m.s.f.DefaultMavenResourcesFiltering - skip non existing resourceDirectory D:\Hariyali23_2_23\hariyali-project\hariyali-project\src\test\resources
2023-03-22 10:36:57,027 [Worker-294: Building] INFO  o.a.m.s.f.DefaultMavenResourcesFiltering - Copying 1 resource
2023-03-22 10:36:57,032 [Worker-294: Building] INFO  o.a.m.s.f.DefaultMavenResourcesFiltering - Copying 5 resources
2023-03-22 10:36:57,035 [Worker-294: Building] INFO  o.a.m.s.f.DefaultMavenResourcesFiltering - skip non existing resourceDirectory D:\Hariyali23_2_23\hariyali-project\hariyali-project\src\test\resources
2023-03-22 10:38:00,143 [Worker-292: Building] INFO  o.a.m.s.f.DefaultMavenResourcesFiltering - Copying 1 resource
2023-03-22 10:38:00,150 [Worker-292: Building] INFO  o.a.m.s.f.DefaultMavenResourcesFiltering - Copying 5 resources
2023-03-22 10:38:00,153 [Worker-292: Building] INFO  o.a.m.s.f.DefaultMavenResourcesFiltering - skip non existing resourceDirectory D:\Hariyali23_2_23\hariyali-project\hariyali-project\src\test\resources
2023-03-22 10:38:41,898 [Worker-289: Building] INFO  o.a.m.s.f.DefaultMavenResourcesFiltering - Copying 1 resource
2023-03-22 10:38:41,903 [Worker-289: Building] INFO  o.a.m.s.f.DefaultMavenResourcesFiltering - Copying 5 resources
2023-03-22 10:38:41,906 [Worker-289: Building] INFO  o.a.m.s.f.DefaultMavenResourcesFiltering - skip non existing resourceDirectory D:\Hariyali23_2_23\hariyali-project\hariyali-project\src\test\resources
2023-03-22 10:41:54,543 [Worker-291: Building] INFO  o.a.m.s.f.DefaultMavenResourcesFiltering - Copying 1 resource
2023-03-22 10:41:54,547 [Worker-291: Building] INFO  o.a.m.s.f.DefaultMavenResourcesFiltering - Copying 5 resources
2023-03-22 10:41:54,550 [Worker-291: Building] INFO  o.a.m.s.f.DefaultMavenResourcesFiltering - skip non existing resourceDirectory D:\Hariyali23_2_23\hariyali-project\hariyali-project\src\test\resources
2023-03-22 11:04:16,213 [Worker-291: Building] INFO  o.a.m.s.f.DefaultMavenResourcesFiltering - Copying 1 resource
2023-03-22 11:04:16,223 [Worker-291: Building] INFO  o.a.m.s.f.DefaultMavenResourcesFiltering - Copying 5 resources
2023-03-22 11:04:16,227 [Worker-291: Building] INFO  o.a.m.s.f.DefaultMavenResourcesFiltering - skip non existing resourceDirectory D:\Hariyali23_2_23\hariyali-project\hariyali-project\src\test\resources
2023-03-22 11:05:01,782 [Worker-293: Building] INFO  o.a.m.s.f.DefaultMavenResourcesFiltering - Copying 1 resource
2023-03-22 11:05:01,787 [Worker-293: Building] INFO  o.a.m.s.f.DefaultMavenResourcesFiltering - Copying 5 resources
2023-03-22 11:05:01,789 [Worker-293: Building] INFO  o.a.m.s.f.DefaultMavenResourcesFiltering - skip non existing resourceDirectory D:\Hariyali23_2_23\hariyali-project\hariyali-project\src\test\resources
2023-03-22 11:05:27,702 [Worker-294: Building] INFO  o.a.m.s.f.DefaultMavenResourcesFiltering - Copying 1 resource
2023-03-22 11:05:27,707 [Worker-294: Building] INFO  o.a.m.s.f.DefaultMavenResourcesFiltering - Copying 5 resources
2023-03-22 11:05:27,711 [Worker-294: Building] INFO  o.a.m.s.f.DefaultMavenResourcesFiltering - skip non existing resourceDirectory D:\Hariyali23_2_23\hariyali-project\hariyali-project\src\test\resources
2023-03-22 11:09:14,566 [Worker-295: Building] INFO  o.a.m.s.f.DefaultMavenResourcesFiltering - Copying 1 resource
2023-03-22 11:09:14,577 [Worker-295: Building] INFO  o.a.m.s.f.DefaultMavenResourcesFiltering - Copying 5 resources
2023-03-22 11:09:14,580 [Worker-295: Building] INFO  o.a.m.s.f.DefaultMavenResourcesFiltering - skip non existing resourceDirectory D:\Hariyali23_2_23\hariyali-project\hariyali-project\src\test\resources
2023-03-22 11:10:08,397 [Worker-295: Building] INFO  o.a.m.s.f.DefaultMavenResourcesFiltering - Copying 1 resource
2023-03-22 11:10:08,406 [Worker-295: Building] INFO  o.a.m.s.f.DefaultMavenResourcesFiltering - Copying 5 resources
2023-03-22 11:10:08,409 [Worker-295: Building] INFO  o.a.m.s.f.DefaultMavenResourcesFiltering - skip non existing resourceDirectory D:\Hariyali23_2_23\hariyali-project\hariyali-project\src\test\resources
2023-03-22 11:10:26,790 [Worker-300: Building] INFO  o.a.m.s.f.DefaultMavenResourcesFiltering - Copying 1 resource
2023-03-22 11:10:26,802 [Worker-300: Building] INFO  o.a.m.s.f.DefaultMavenResourcesFiltering - Copying 5 resources
2023-03-22 11:10:26,805 [Worker-300: Building] INFO  o.a.m.s.f.DefaultMavenResourcesFiltering - skip non existing resourceDirectory D:\Hariyali23_2_23\hariyali-project\hariyali-project\src\test\resources
2023-03-22 11:14:12,526 [Worker-301: Building] INFO  o.a.m.s.f.DefaultMavenResourcesFiltering - Copying 1 resource
2023-03-22 11:14:12,554 [Worker-301: Building] INFO  o.a.m.s.f.DefaultMavenResourcesFiltering - Copying 5 resources
2023-03-22 11:14:12,564 [Worker-301: Building] INFO  o.a.m.s.f.DefaultMavenResourcesFiltering - skip non existing resourceDirectory D:\Hariyali23_2_23\hariyali-project\hariyali-project\src\test\resources
2023-03-22 11:14:42,158 [Worker-303: Building] INFO  o.a.m.s.f.DefaultMavenResourcesFiltering - Copying 1 resource
2023-03-22 11:14:42,165 [Worker-303: Building] INFO  o.a.m.s.f.DefaultMavenResourcesFiltering - Copying 5 resources
2023-03-22 11:14:42,168 [Worker-303: Building] INFO  o.a.m.s.f.DefaultMavenResourcesFiltering - skip non existing resourceDirectory D:\Hariyali23_2_23\hariyali-project\hariyali-project\src\test\resources
2023-03-22 11:17:15,352 [Worker-296: Building] INFO  o.a.m.s.f.DefaultMavenResourcesFiltering - Copying 1 resource
2023-03-22 11:17:15,356 [Worker-296: Building] INFO  o.a.m.s.f.DefaultMavenResourcesFiltering - Copying 5 resources
2023-03-22 11:17:15,360 [Worker-296: Building] INFO  o.a.m.s.f.DefaultMavenResourcesFiltering - skip non existing resourceDirectory D:\Hariyali23_2_23\hariyali-project\hariyali-project\src\test\resources
2023-03-22 11:17:53,568 [Worker-305: Building] INFO  o.a.m.s.f.DefaultMavenResourcesFiltering - Copying 1 resource
2023-03-22 11:17:53,572 [Worker-305: Building] INFO  o.a.m.s.f.DefaultMavenResourcesFiltering - Copying 5 resources
2023-03-22 11:17:53,575 [Worker-305: Building] INFO  o.a.m.s.f.DefaultMavenResourcesFiltering - skip non existing resourceDirectory D:\Hariyali23_2_23\hariyali-project\hariyali-project\src\test\resources
2023-03-22 11:18:22,197 [Worker-305: Building] INFO  o.a.m.s.f.DefaultMavenResourcesFiltering - Copying 1 resource
2023-03-22 11:18:22,202 [Worker-305: Building] INFO  o.a.m.s.f.DefaultMavenResourcesFiltering - Copying 5 resources
2023-03-22 11:18:22,205 [Worker-305: Building] INFO  o.a.m.s.f.DefaultMavenResourcesFiltering - skip non existing resourceDirectory D:\Hariyali23_2_23\hariyali-project\hariyali-project\src\test\resources
2023-03-22 11:21:44,372 [Worker-306: Building] INFO  o.a.m.s.f.DefaultMavenResourcesFiltering - Copying 1 resource
2023-03-22 11:21:44,379 [Worker-306: Building] INFO  o.a.m.s.f.DefaultMavenResourcesFiltering - Copying 5 resources
2023-03-22 11:21:44,382 [Worker-306: Building] INFO  o.a.m.s.f.DefaultMavenResourcesFiltering - skip non existing resourceDirectory D:\Hariyali23_2_23\hariyali-project\hariyali-project\src\test\resources
2023-03-22 11:22:12,693 [Worker-308: Building] INFO  o.a.m.s.f.DefaultMavenResourcesFiltering - Copying 1 resource
2023-03-22 11:22:12,697 [Worker-308: Building] INFO  o.a.m.s.f.DefaultMavenResourcesFiltering - Copying 5 resources
2023-03-22 11:22:12,700 [Worker-308: Building] INFO  o.a.m.s.f.DefaultMavenResourcesFiltering - skip non existing resourceDirectory D:\Hariyali23_2_23\hariyali-project\hariyali-project\src\test\resources
2023-03-22 11:26:45,598 [Worker-310: Building] INFO  o.a.m.s.f.DefaultMavenResourcesFiltering - Copying 1 resource
2023-03-22 11:26:45,605 [Worker-310: Building] INFO  o.a.m.s.f.DefaultMavenResourcesFiltering - Copying 5 resources
2023-03-22 11:26:45,608 [Worker-310: Building] INFO  o.a.m.s.f.DefaultMavenResourcesFiltering - skip non existing resourceDirectory D:\Hariyali23_2_23\hariyali-project\hariyali-project\src\test\resources
2023-03-22 11:29:24,816 [Worker-310: Building] INFO  o.a.m.s.f.DefaultMavenResourcesFiltering - Copying 1 resource
2023-03-22 11:29:24,821 [Worker-310: Building] INFO  o.a.m.s.f.DefaultMavenResourcesFiltering - Copying 5 resources
2023-03-22 11:29:24,824 [Worker-310: Building] INFO  o.a.m.s.f.DefaultMavenResourcesFiltering - skip non existing resourceDirectory D:\Hariyali23_2_23\hariyali-project\hariyali-project\src\test\resources
2023-03-22 11:36:12,267 [Worker-315: Building] INFO  o.a.m.s.f.DefaultMavenResourcesFiltering - Copying 1 resource
2023-03-22 11:36:12,274 [Worker-315: Building] INFO  o.a.m.s.f.DefaultMavenResourcesFiltering - Copying 5 resources
2023-03-22 11:36:12,277 [Worker-315: Building] INFO  o.a.m.s.f.DefaultMavenResourcesFiltering - skip non existing resourceDirectory D:\Hariyali23_2_23\hariyali-project\hariyali-project\src\test\resources
2023-03-23 00:13:14,924 [Worker-329: Building] INFO  o.a.m.s.f.DefaultMavenResourcesFiltering - Copying 1 resource
2023-03-23 00:13:14,940 [Worker-329: Building] INFO  o.a.m.s.f.DefaultMavenResourcesFiltering - Copying 5 resources
2023-03-23 00:13:15,006 [Worker-329: Building] INFO  o.a.m.s.f.DefaultMavenResourcesFiltering - skip non existing resourceDirectory D:\Hariyali23_2_23\hariyali-project\hariyali-project\src\test\resources
2023-03-23 00:18:49,022 [Worker-331: Building] INFO  o.a.m.s.f.DefaultMavenResourcesFiltering - Copying 1 resource
2023-03-23 00:18:49,072 [Worker-331: Building] INFO  o.a.m.s.f.DefaultMavenResourcesFiltering - Copying 5 resources
2023-03-23 00:18:49,075 [Worker-331: Building] INFO  o.a.m.s.f.DefaultMavenResourcesFiltering - skip non existing resourceDirectory D:\Hariyali23_2_23\hariyali-project\hariyali-project\src\test\resources
2023-03-23 00:24:35,673 [Worker-335: Building] INFO  o.a.m.s.f.DefaultMavenResourcesFiltering - Copying 1 resource
2023-03-23 00:24:35,711 [Worker-335: Building] INFO  o.a.m.s.f.DefaultMavenResourcesFiltering - Copying 5 resources
2023-03-23 00:24:35,714 [Worker-335: Building] INFO  o.a.m.s.f.DefaultMavenResourcesFiltering - skip non existing resourceDirectory D:\Hariyali23_2_23\hariyali-project\hariyali-project\src\test\resources
2023-03-23 00:31:46,753 [Worker-335: Building] INFO  o.a.m.s.f.DefaultMavenResourcesFiltering - Copying 1 resource
2023-03-23 00:31:46,762 [Worker-335: Building] INFO  o.a.m.s.f.DefaultMavenResourcesFiltering - Copying 5 resources
2023-03-23 00:31:46,765 [Worker-335: Building] INFO  o.a.m.s.f.DefaultMavenResourcesFiltering - skip non existing resourceDirectory D:\Hariyali23_2_23\hariyali-project\hariyali-project\src\test\resources
2023-03-23 00:31:58,299 [Worker-335: Building] INFO  o.a.m.s.f.DefaultMavenResourcesFiltering - Copying 1 resource
2023-03-23 00:31:58,306 [Worker-335: Building] INFO  o.a.m.s.f.DefaultMavenResourcesFiltering - Copying 5 resources
2023-03-23 00:31:58,309 [Worker-335: Building] INFO  o.a.m.s.f.DefaultMavenResourcesFiltering - skip non existing resourceDirectory D:\Hariyali23_2_23\hariyali-project\hariyali-project\src\test\resources
2023-03-23 00:34:51,617 [Worker-340: Building] INFO  o.a.m.s.f.DefaultMavenResourcesFiltering - Copying 1 resource
2023-03-23 00:34:51,622 [Worker-340: Building] INFO  o.a.m.s.f.DefaultMavenResourcesFiltering - Copying 5 resources
2023-03-23 00:34:51,626 [Worker-340: Building] INFO  o.a.m.s.f.DefaultMavenResourcesFiltering - skip non existing resourceDirectory D:\Hariyali23_2_23\hariyali-project\hariyali-project\src\test\resources
2023-03-23 00:35:28,770 [Worker-340: Building] INFO  o.a.m.s.f.DefaultMavenResourcesFiltering - Copying 1 resource
2023-03-23 00:35:28,774 [Worker-340: Building] INFO  o.a.m.s.f.DefaultMavenResourcesFiltering - Copying 5 resources
2023-03-23 00:35:28,776 [Worker-340: Building] INFO  o.a.m.s.f.DefaultMavenResourcesFiltering - skip non existing resourceDirectory D:\Hariyali23_2_23\hariyali-project\hariyali-project\src\test\resources
2023-03-23 00:36:13,278 [Worker-341: Building] INFO  o.a.m.s.f.DefaultMavenResourcesFiltering - Copying 1 resource
2023-03-23 00:36:13,282 [Worker-341: Building] INFO  o.a.m.s.f.DefaultMavenResourcesFiltering - Copying 5 resources
2023-03-23 00:36:13,289 [Worker-341: Building] INFO  o.a.m.s.f.DefaultMavenResourcesFiltering - skip non existing resourceDirectory D:\Hariyali23_2_23\hariyali-project\hariyali-project\src\test\resources
2023-03-23 00:37:09,390 [Worker-335: Building] INFO  o.a.m.s.f.DefaultMavenResourcesFiltering - Copying 1 resource
2023-03-23 00:37:09,394 [Worker-335: Building] INFO  o.a.m.s.f.DefaultMavenResourcesFiltering - Copying 5 resources
2023-03-23 00:37:09,397 [Worker-335: Building] INFO  o.a.m.s.f.DefaultMavenResourcesFiltering - skip non existing resourceDirectory D:\Hariyali23_2_23\hariyali-project\hariyali-project\src\test\resources
2023-03-23 00:38:22,475 [Worker-341: Building] INFO  o.a.m.s.f.DefaultMavenResourcesFiltering - Copying 1 resource
2023-03-23 00:38:22,482 [Worker-341: Building] INFO  o.a.m.s.f.DefaultMavenResourcesFiltering - Copying 5 resources
2023-03-23 00:38:22,495 [Worker-341: Building] INFO  o.a.m.s.f.DefaultMavenResourcesFiltering - skip non existing resourceDirectory D:\Hariyali23_2_23\hariyali-project\hariyali-project\src\test\resources
2023-03-23 00:38:52,342 [Worker-342: Building] INFO  o.a.m.s.f.DefaultMavenResourcesFiltering - Copying 1 resource
2023-03-23 00:38:52,346 [Worker-342: Building] INFO  o.a.m.s.f.DefaultMavenResourcesFiltering - Copying 5 resources
2023-03-23 00:38:52,349 [Worker-342: Building] INFO  o.a.m.s.f.DefaultMavenResourcesFiltering - skip non existing resourceDirectory D:\Hariyali23_2_23\hariyali-project\hariyali-project\src\test\resources
2023-03-23 01:40:01,771 [Worker-335: Building] INFO  o.a.m.s.f.DefaultMavenResourcesFiltering - Copying 1 resource
2023-03-23 01:40:01,773 [Worker-335: Building] INFO  o.a.m.s.f.DefaultMavenResourcesFiltering - Copying 5 resources
2023-03-23 01:40:01,780 [Worker-335: Building] INFO  o.a.m.s.f.DefaultMavenResourcesFiltering - skip non existing resourceDirectory D:\Hariyali23_2_23\hariyali-project\hariyali-project\src\test\resources
2023-03-23 22:18:44,828 [Worker-361: Building] INFO  o.a.m.s.f.DefaultMavenResourcesFiltering - Copying 1 resource
2023-03-23 22:18:45,862 [Worker-361: Building] INFO  o.a.m.s.f.DefaultMavenResourcesFiltering - Copying 5 resources
2023-03-23 22:18:45,866 [Worker-361: Building] INFO  o.a.m.s.f.DefaultMavenResourcesFiltering - skip non existing resourceDirectory D:\Hariyali23_2_23\hariyali-project\hariyali-project\src\test\resources
2023-03-23 22:18:45,975 [Worker-361: Building] INFO  o.a.m.s.f.DefaultMavenResourcesFiltering - Copying 1 resource
2023-03-23 22:18:46,459 [Worker-361: Building] INFO  o.a.m.s.f.DefaultMavenResourcesFiltering - Copying 5 resources
2023-03-23 22:18:46,462 [Worker-361: Building] INFO  o.a.m.s.f.DefaultMavenResourcesFiltering - skip non existing resourceDirectory D:\Hariyali23_2_23\hariyali-project\hariyali-project\src\test\resources
2023-03-24 03:22:30,052 [Worker-409: Building] INFO  o.a.m.s.f.DefaultMavenResourcesFiltering - Copying 1 resource
2023-03-24 03:22:30,251 [Worker-409: Building] INFO  o.a.m.s.f.DefaultMavenResourcesFiltering - Copying 5 resources
2023-03-24 03:22:30,255 [Worker-409: Building] INFO  o.a.m.s.f.DefaultMavenResourcesFiltering - skip non existing resourceDirectory D:\Hariyali23_2_23\hariyali-project\hariyali-project\src\test\resources
2023-03-24 03:25:39,562 [Worker-411: Building] INFO  o.a.m.s.f.DefaultMavenResourcesFiltering - Copying 1 resource
2023-03-24 03:25:39,587 [Worker-411: Building] INFO  o.a.m.s.f.DefaultMavenResourcesFiltering - Copying 5 resources
2023-03-24 03:25:39,589 [Worker-411: Building] INFO  o.a.m.s.f.DefaultMavenResourcesFiltering - skip non existing resourceDirectory D:\Hariyali23_2_23\hariyali-project\hariyali-project\src\test\resources
2023-03-24 03:26:00,335 [Worker-409: Building] INFO  o.a.m.s.f.DefaultMavenResourcesFiltering - Copying 1 resource
2023-03-24 03:26:00,453 [Worker-409: Building] INFO  o.a.m.s.f.DefaultMavenResourcesFiltering - Copying 5 resources
2023-03-24 03:26:00,458 [Worker-409: Building] INFO  o.a.m.s.f.DefaultMavenResourcesFiltering - skip non existing resourceDirectory D:\Hariyali23_2_23\hariyali-project\hariyali-project\src\test\resources
2023-03-24 03:26:20,316 [Worker-406: Building] INFO  o.a.m.s.f.DefaultMavenResourcesFiltering - Copying 1 resource
2023-03-24 03:26:20,409 [Worker-406: Building] INFO  o.a.m.s.f.DefaultMavenResourcesFiltering - Copying 5 resources
2023-03-24 03:26:20,412 [Worker-406: Building] INFO  o.a.m.s.f.DefaultMavenResourcesFiltering - skip non existing resourceDirectory D:\Hariyali23_2_23\hariyali-project\hariyali-project\src\test\resources
2023-03-24 03:30:53,609 [Worker-409: Building] INFO  o.a.m.s.f.DefaultMavenResourcesFiltering - Copying 1 resource
2023-03-24 03:30:53,616 [Worker-409: Building] INFO  o.a.m.s.f.DefaultMavenResourcesFiltering - Copying 5 resources
2023-03-24 03:30:53,620 [Worker-409: Building] INFO  o.a.m.s.f.DefaultMavenResourcesFiltering - skip non existing resourceDirectory D:\Hariyali23_2_23\hariyali-project\hariyali-project\src\test\resources
2023-03-24 03:31:28,109 [Worker-413: Building] INFO  o.a.m.s.f.DefaultMavenResourcesFiltering - Copying 1 resource
2023-03-24 03:31:28,139 [Worker-413: Building] INFO  o.a.m.s.f.DefaultMavenResourcesFiltering - Copying 5 resources
2023-03-24 03:31:28,142 [Worker-413: Building] INFO  o.a.m.s.f.DefaultMavenResourcesFiltering - skip non existing resourceDirectory D:\Hariyali23_2_23\hariyali-project\hariyali-project\src\test\resources
2023-03-24 03:39:48,126 [Worker-409: Building] INFO  o.a.m.s.f.DefaultMavenResourcesFiltering - Copying 1 resource
2023-03-24 03:39:48,138 [Worker-409: Building] INFO  o.a.m.s.f.DefaultMavenResourcesFiltering - Copying 5 resources
2023-03-24 03:39:48,143 [Worker-409: Building] INFO  o.a.m.s.f.DefaultMavenResourcesFiltering - skip non existing resourceDirectory D:\Hariyali23_2_23\hariyali-project\hariyali-project\src\test\resources
2023-03-24 04:53:41,191 [Worker-422: Building] INFO  o.a.m.s.f.DefaultMavenResourcesFiltering - Copying 1 resource
2023-03-24 04:53:41,216 [Worker-422: Building] INFO  o.a.m.s.f.DefaultMavenResourcesFiltering - Copying 5 resources
2023-03-24 04:53:41,219 [Worker-422: Building] INFO  o.a.m.s.f.DefaultMavenResourcesFiltering - skip non existing resourceDirectory D:\Hariyali23_2_23\hariyali-project\hariyali-project\src\test\resources
2023-03-24 04:54:00,914 [Worker-421: Building] INFO  o.a.m.s.f.DefaultMavenResourcesFiltering - Copying 1 resource
2023-03-24 04:54:00,919 [Worker-421: Building] INFO  o.a.m.s.f.DefaultMavenResourcesFiltering - Copying 5 resources
2023-03-24 04:54:01,073 [Worker-421: Building] INFO  o.a.m.s.f.DefaultMavenResourcesFiltering - skip non existing resourceDirectory D:\Hariyali23_2_23\hariyali-project\hariyali-project\src\test\resources
2023-03-24 04:55:03,069 [Worker-425: Building] INFO  o.a.m.s.f.DefaultMavenResourcesFiltering - Copying 1 resource
2023-03-24 04:55:03,076 [Worker-425: Building] INFO  o.a.m.s.f.DefaultMavenResourcesFiltering - Copying 5 resources
2023-03-24 04:55:03,080 [Worker-425: Building] INFO  o.a.m.s.f.DefaultMavenResourcesFiltering - skip non existing resourceDirectory D:\Hariyali23_2_23\hariyali-project\hariyali-project\src\test\resources
2023-03-24 04:57:52,351 [Worker-422: Building] INFO  o.a.m.s.f.DefaultMavenResourcesFiltering - Copying 1 resource
2023-03-24 04:57:52,355 [Worker-422: Building] INFO  o.a.m.s.f.DefaultMavenResourcesFiltering - Copying 5 resources
2023-03-24 04:57:52,358 [Worker-422: Building] INFO  o.a.m.s.f.DefaultMavenResourcesFiltering - skip non existing resourceDirectory D:\Hariyali23_2_23\hariyali-project\hariyali-project\src\test\resources
2023-03-24 04:57:57,691 [Worker-429: Launching hariyali-project - HariyaliProjectApplication] INFO  o.a.m.s.f.DefaultMavenResourcesFiltering - Copying 1 resource
2023-03-24 04:57:57,696 [Worker-429: Launching hariyali-project - HariyaliProjectApplication] INFO  o.a.m.s.f.DefaultMavenResourcesFiltering - Copying 5 resources
2023-03-24 04:57:57,699 [Worker-429: Launching hariyali-project - HariyaliProjectApplication] INFO  o.a.m.s.f.DefaultMavenResourcesFiltering - skip non existing resourceDirectory D:\Hariyali23_2_23\hariyali-project\hariyali-project\src\test\resources
2023-03-24 04:59:08,377 [Worker-424: Building] INFO  o.a.m.s.f.DefaultMavenResourcesFiltering - Copying 1 resource
2023-03-24 04:59:08,379 [Worker-424: Building] INFO  o.a.m.s.f.DefaultMavenResourcesFiltering - Copying 5 resources
2023-03-24 04:59:08,386 [Worker-424: Building] INFO  o.a.m.s.f.DefaultMavenResourcesFiltering - skip non existing resourceDirectory D:\Hariyali23_2_23\hariyali-project\hariyali-project\src\test\resources
2023-03-24 04:59:26,230 [Worker-430: Building] INFO  o.a.m.s.f.DefaultMavenResourcesFiltering - Copying 1 resource
2023-03-24 04:59:26,234 [Worker-430: Building] INFO  o.a.m.s.f.DefaultMavenResourcesFiltering - Copying 5 resources
2023-03-24 04:59:26,237 [Worker-430: Building] INFO  o.a.m.s.f.DefaultMavenResourcesFiltering - skip non existing resourceDirectory D:\Hariyali23_2_23\hariyali-project\hariyali-project\src\test\resources
2023-03-24 05:13:38,448 [Worker-429: Building] INFO  o.a.m.s.f.DefaultMavenResourcesFiltering - Copying 1 resource
2023-03-24 05:13:38,454 [Worker-429: Building] INFO  o.a.m.s.f.DefaultMavenResourcesFiltering - Copying 5 resources
2023-03-24 05:13:38,461 [Worker-429: Building] INFO  o.a.m.s.f.DefaultMavenResourcesFiltering - skip non existing resourceDirectory D:\Hariyali23_2_23\hariyali-project\hariyali-project\src\test\resources
2023-03-26 07:21:45,364 [Worker-437: Building] INFO  o.a.m.s.f.DefaultMavenResourcesFiltering - Copying 1 resource
2023-03-26 07:21:53,196 [Worker-437: Building] INFO  o.a.m.s.f.DefaultMavenResourcesFiltering - Copying 5 resources
2023-03-26 07:21:53,239 [Worker-437: Building] INFO  o.a.m.s.f.DefaultMavenResourcesFiltering - skip non existing resourceDirectory D:\Hariyali23_2_23\hariyali-project\hariyali-project\src\test\resources
2023-03-26 07:21:53,392 [Worker-431: Building] INFO  o.a.m.s.f.DefaultMavenResourcesFiltering - Copying 1 resource
2023-03-26 07:21:53,631 [Worker-431: Building] INFO  o.a.m.s.f.DefaultMavenResourcesFiltering - Copying 5 resources
2023-03-26 07:21:53,634 [Worker-431: Building] INFO  o.a.m.s.f.DefaultMavenResourcesFiltering - skip non existing resourceDirectory D:\Hariyali23_2_23\hariyali-project\hariyali-project\src\test\resources
2023-03-26 07:27:45,749 [Worker-431: Building] INFO  o.a.m.s.f.DefaultMavenResourcesFiltering - Copying 1 resource
2023-03-26 07:27:45,930 [Worker-431: Building] INFO  o.a.m.s.f.DefaultMavenResourcesFiltering - Copying 5 resources
2023-03-26 07:27:45,935 [Worker-431: Building] INFO  o.a.m.s.f.DefaultMavenResourcesFiltering - skip non existing resourceDirectory D:\Hariyali23_2_23\hariyali-project\hariyali-project\src\test\resources
2023-03-26 07:27:46,075 [Worker-431: Building] INFO  o.a.m.s.f.DefaultMavenResourcesFiltering - Copying 1 resource
2023-03-26 07:27:46,202 [Worker-431: Building] INFO  o.a.m.s.f.DefaultMavenResourcesFiltering - Copying 5 resources
2023-03-26 07:27:46,207 [Worker-431: Building] INFO  o.a.m.s.f.DefaultMavenResourcesFiltering - skip non existing resourceDirectory D:\Hariyali23_2_23\hariyali-project\hariyali-project\src\test\resources
2023-03-27 04:16:07,507 [Worker-2: Loading available Gradle versions] INFO  o.e.b.c.i.u.g.PublishedGradleVersions - Gradle version information cache is out-of-date. Trying to update.
2023-03-27 04:26:31,950 [Worker-12: Building] INFO  o.a.m.s.f.DefaultMavenResourcesFiltering - Copying 1 resource
2023-03-27 04:26:31,992 [Worker-12: Building] INFO  o.a.m.s.f.DefaultMavenResourcesFiltering - Copying 5 resources
2023-03-27 04:26:32,052 [Worker-12: Building] INFO  o.a.m.s.f.DefaultMavenResourcesFiltering - skip non existing resourceDirectory D:\Hariyali23_2_23\hariyali-project\hariyali-project\src\test\resources
2023-03-27 22:06:11,209 [Worker-24: Building] INFO  o.a.m.s.f.DefaultMavenResourcesFiltering - Copying 1 resource
2023-03-27 22:06:11,426 [Worker-24: Building] INFO  o.a.m.s.f.DefaultMavenResourcesFiltering - Copying 5 resources
2023-03-27 22:06:11,434 [Worker-24: Building] INFO  o.a.m.s.f.DefaultMavenResourcesFiltering - skip non existing resourceDirectory D:\Hariyali23_2_23\hariyali-project\hariyali-project\src\test\resources
2023-03-27 22:13:05,948 [Worker-28: Building] INFO  o.a.m.s.f.DefaultMavenResourcesFiltering - Copying 1 resource
2023-03-27 22:13:06,065 [Worker-28: Building] INFO  o.a.m.s.f.DefaultMavenResourcesFiltering - Copying 5 resources
2023-03-27 22:13:06,073 [Worker-28: Building] INFO  o.a.m.s.f.DefaultMavenResourcesFiltering - skip non existing resourceDirectory D:\Hariyali23_2_23\hariyali-project\hariyali-project\src\test\resources
2023-03-27 22:16:24,907 [Worker-28: Building] INFO  o.a.m.s.f.DefaultMavenResourcesFiltering - Copying 1 resource
2023-03-27 22:16:24,916 [Worker-28: Building] INFO  o.a.m.s.f.DefaultMavenResourcesFiltering - Copying 5 resources
2023-03-27 22:16:24,920 [Worker-28: Building] INFO  o.a.m.s.f.DefaultMavenResourcesFiltering - skip non existing resourceDirectory D:\Hariyali23_2_23\hariyali-project\hariyali-project\src\test\resources
2023-03-27 22:17:44,966 [Worker-28: Building] INFO  o.a.m.s.f.DefaultMavenResourcesFiltering - Copying 1 resource
2023-03-27 22:17:44,972 [Worker-28: Building] INFO  o.a.m.s.f.DefaultMavenResourcesFiltering - Copying 5 resources
2023-03-27 22:17:44,975 [Worker-28: Building] INFO  o.a.m.s.f.DefaultMavenResourcesFiltering - skip non existing resourceDirectory D:\Hariyali23_2_23\hariyali-project\hariyali-project\src\test\resources
2023-03-27 22:19:58,199 [Worker-28: Building] INFO  o.a.m.s.f.DefaultMavenResourcesFiltering - Copying 1 resource
2023-03-27 22:19:58,206 [Worker-28: Building] INFO  o.a.m.s.f.DefaultMavenResourcesFiltering - Copying 5 resources
2023-03-27 22:19:58,209 [Worker-28: Building] INFO  o.a.m.s.f.DefaultMavenResourcesFiltering - skip non existing resourceDirectory D:\Hariyali23_2_23\hariyali-project\hariyali-project\src\test\resources
2023-03-27 22:21:34,261 [Worker-27: Building] INFO  o.a.m.s.f.DefaultMavenResourcesFiltering - Copying 1 resource
2023-03-27 22:21:34,268 [Worker-27: Building] INFO  o.a.m.s.f.DefaultMavenResourcesFiltering - Copying 5 resources
2023-03-27 22:21:34,271 [Worker-27: Building] INFO  o.a.m.s.f.DefaultMavenResourcesFiltering - skip non existing resourceDirectory D:\Hariyali23_2_23\hariyali-project\hariyali-project\src\test\resources
2023-04-02 05:56:00,541 [Worker-6: Loading available Gradle versions] INFO  o.e.b.c.i.u.g.PublishedGradleVersions - Gradle version information cache is out-of-date. Trying to update.
2023-04-02 05:56:12,154 [Worker-6: Loading available Gradle versions] INFO  o.e.b.c.i.u.g.PublishedGradleVersions - Updating Gradle version information cache failed. Using outdated cache.
2023-04-02 21:42:03,296 [Worker-7: Building] INFO  o.a.m.s.f.DefaultMavenResourcesFiltering - Copying 1 resource
2023-04-02 21:42:03,618 [Worker-7: Building] INFO  o.a.m.s.f.DefaultMavenResourcesFiltering - Copying 5 resources
2023-04-02 21:42:03,633 [Worker-7: Building] INFO  o.a.m.s.f.DefaultMavenResourcesFiltering - skip non existing resourceDirectory D:\Hariyali23_2_23\hariyali-project\hariyali-project\src\test\resources
